
> nextn@0.1.0 dev
> next dev --turbopack -p 9002

   ▲ Next.js 15.5.9 (Turbopack)
   - Local:        http://localhost:9002
   - Network:      http://10.0.1.89:9002
   - Environments: .env.local, .env
   - Experiments (use with caution):
     · serverActions

 ✓ Starting...
 ✓ Ready in 2.9s
 ○ Compiling / ...

warn - The class `duration-[800ms]` is ambiguous and matches multiple utilities.
warn - If this is content and not a class, replace it with `duration-&lsqb;800ms&rsqb;` to silence this warning.
 ✓ Compiled / in 34s
 GET / 200 in 36846ms
 ○ Compiling /[slug] ...
 ✓ Compiled /[slug] in 2.8s
 GET /prehispanic 200 in 6897ms
 ○ Compiling /api/public-intake ...
 ✓ Compiled /api/public-intake in 1193ms
{"level":"info","message":"Processing public intake action","timestamp":"2026-03-27T20:10:28.326Z","requestId":"dc6a71a6-62f6-40b0-96b2-56cd9a5271b3","scope":"api.public-intake","action":"ADD_LEAD","tenantSlug":"prehispanic"}
 POST /api/public-intake 200 in 6172ms
 ✓ Compiled /api/elevenlabs-outbound in 230ms
{"level":"info","message":"ElevenLabs outbound call started","timestamp":"2026-03-27T20:10:34.038Z","requestId":"b67c87dd-5433-49c6-a658-ba449eb26462","scope":"api.elevenlabs-outbound","tenantSlug":"prehispanic","conversationId":"conv_8701kmreq0qkfx7sn30ceg558hj9"}
 POST /api/elevenlabs-outbound 200 in 1119ms
{"level":"info","message":"Processing public intake action","timestamp":"2026-03-27T20:12:56.952Z","requestId":"b81dcfd6-346c-4314-91d5-12f38f78535b","scope":"api.public-intake","action":"ADD_LEAD","tenantSlug":"prehispanic"}
 POST /api/public-intake 200 in 1483ms
{"level":"info","message":"ElevenLabs outbound call started","timestamp":"2026-03-27T20:12:58.962Z","requestId":"88e8a355-5529-48e7-b144-d27fe4ba0b99","scope":"api.elevenlabs-outbound","tenantSlug":"prehispanic","conversationId":"conv_7501kmreve9vf09vjq0rx8qbw7zr"}
 POST /api/elevenlabs-outbound 200 in 657ms
 ○ Compiling /[slug]/checkout ...
 ✓ Compiled /[slug]/checkout in 4s
 GET /prehispanic/checkout?plan=Plan+Anual&price=1800&details=Inversi%C3%B3n+Total%3A+%241%2C800.+Forma+de+Pago%3A+2+exhibiciones+de+%24900.+Regalo%3A+1+Kimono+%2B+Uniforme+No-Gi. 200 in 5382ms
 GET /prehispanic/checkout?plan=Plan+Anual&price=1800&details=Inversi%C3%B3n+Total%3A+%241%2C800.+Forma+de+Pago%3A+2+exhibiciones+de+%24900.+Regalo%3A+1+Kimono+%2B+Uniforme+No-Gi. 200 in 415ms
 POST /prehispanic/checkout?plan=Plan%20Anual&price=1800&details=Inversi%C3%B3n%20Total%3A%20%241%2C800.%20Forma%20de%20Pago%3A%202%20exhibiciones%20de%20%24900.%20Regalo%3A%201%20Kimono%20%2B%20Uniforme%20No-Gi. 200 in 162ms
 POST /prehispanic/checkout?plan=Plan%20Anual&price=1800&details=Inversi%C3%B3n%20Total%3A%20%241%2C800.%20Forma%20de%20Pago%3A%202%20exhibiciones%20de%20%24900.%20Regalo%3A%201%20Kimono%20%2B%20Uniforme%20No-Gi. 200 in 226ms
 ✓ Compiled in 3.2s

> nextn@0.1.0 dev
> next dev --turbopack -p 9002

   ▲ Next.js 15.5.9 (Turbopack)
   - Local:        http://localhost:9002
   - Network:      http://10.0.1.89:9002
   - Environments: .env.local, .env
   - Experiments (use with caution):
     · serverActions

 ✓ Starting...
 ✓ Ready in 1930ms
 ○ Compiling / ...

warn - The class `duration-[800ms]` is ambiguous and matches multiple utilities.
warn - If this is content and not a class, replace it with `duration-&lsqb;800ms&rsqb;` to silence this warning.
 ✓ Compiled / in 32.8s
 GET / 200 in 38330ms
 ○ Compiling /[slug] ...
 ✓ Compiled /[slug] in 2.9s
 GET /prehispanic 200 in 11706ms
 ○ Compiling /api/public-intake ...
 ✓ Compiled /api/public-intake in 1115ms
{"level":"info","message":"Processing public intake action","timestamp":"2026-03-27T21:32:33.578Z","requestId":"9a0b1b1e-476e-40a8-ac86-c23e9fe5cfe6","scope":"api.public-intake","action":"ADD_LEAD","tenantSlug":"prehispanic"}
 POST /api/public-intake 200 in 5990ms
 ✓ Compiled /api/elevenlabs-outbound in 227ms
{"level":"info","message":"ElevenLabs outbound call started","timestamp":"2026-03-27T21:32:39.168Z","requestId":"aeda3a86-350c-422a-a50c-92b6ef1ceb47","scope":"api.elevenlabs-outbound","tenantSlug":"prehispanic","conversationId":"conv_6901kmrkdah0fczta06fhwfc8rc8"}
 POST /api/elevenlabs-outbound 200 in 1155ms
 ✓ Compiled /api/elevenlabs-call-status in 169ms
 GET /api/elevenlabs-call-status?conversationId=conv_6901kmrkdah0fczta06fhwfc8rc8 200 in 667ms
 GET /api/elevenlabs-call-status?conversationId=conv_6901kmrkdah0fczta06fhwfc8rc8 200 in 365ms
 GET /api/elevenlabs-call-status?conversationId=conv_6901kmrkdah0fczta06fhwfc8rc8 200 in 384ms
 GET /api/elevenlabs-call-status?conversationId=conv_6901kmrkdah0fczta06fhwfc8rc8 200 in 415ms
 GET /api/elevenlabs-call-status?conversationId=conv_6901kmrkdah0fczta06fhwfc8rc8 200 in 372ms
 GET /api/elevenlabs-call-status?conversationId=conv_6901kmrkdah0fczta06fhwfc8rc8 200 in 402ms
 GET /api/elevenlabs-call-status?conversationId=conv_6901kmrkdah0fczta06fhwfc8rc8 200 in 401ms
 GET /api/elevenlabs-call-status?conversationId=conv_6901kmrkdah0fczta06fhwfc8rc8 200 in 364ms
 GET /api/elevenlabs-call-status?conversationId=conv_6901kmrkdah0fczta06fhwfc8rc8 200 in 378ms
 GET /api/elevenlabs-call-status?conversationId=conv_6901kmrkdah0fczta06fhwfc8rc8 200 in 369ms
 GET /api/elevenlabs-call-status?conversationId=conv_6901kmrkdah0fczta06fhwfc8rc8 200 in 346ms
 GET /api/elevenlabs-call-status?conversationId=conv_6901kmrkdah0fczta06fhwfc8rc8 200 in 352ms
 GET /api/elevenlabs-call-status?conversationId=conv_6901kmrkdah0fczta06fhwfc8rc8 200 in 361ms
 GET /api/elevenlabs-call-status?conversationId=conv_6901kmrkdah0fczta06fhwfc8rc8 200 in 361ms
 GET /api/elevenlabs-call-status?conversationId=conv_6901kmrkdah0fczta06fhwfc8rc8 200 in 342ms
 GET /api/elevenlabs-call-status?conversationId=conv_6901kmrkdah0fczta06fhwfc8rc8 200 in 350ms
 GET /api/elevenlabs-call-status?conversationId=conv_6901kmrkdah0fczta06fhwfc8rc8 200 in 330ms
 GET /api/elevenlabs-call-status?conversationId=conv_6901kmrkdah0fczta06fhwfc8rc8 200 in 386ms
 GET /api/elevenlabs-call-status?conversationId=conv_6901kmrkdah0fczta06fhwfc8rc8 200 in 370ms
 GET /api/elevenlabs-call-status?conversationId=conv_6901kmrkdah0fczta06fhwfc8rc8 200 in 411ms
 GET /api/elevenlabs-call-status?conversationId=conv_6901kmrkdah0fczta06fhwfc8rc8 200 in 334ms
 GET /api/elevenlabs-call-status?conversationId=conv_6901kmrkdah0fczta06fhwfc8rc8 200 in 334ms
 GET /api/elevenlabs-call-status?conversationId=conv_6901kmrkdah0fczta06fhwfc8rc8 200 in 351ms
 GET /api/elevenlabs-call-status?conversationId=conv_6901kmrkdah0fczta06fhwfc8rc8 200 in 360ms
 GET /api/elevenlabs-call-status?conversationId=conv_6901kmrkdah0fczta06fhwfc8rc8 200 in 342ms
 GET /api/elevenlabs-call-status?conversationId=conv_6901kmrkdah0fczta06fhwfc8rc8 200 in 436ms
 GET /api/elevenlabs-call-status?conversationId=conv_6901kmrkdah0fczta06fhwfc8rc8 200 in 339ms
 GET /api/elevenlabs-call-status?conversationId=conv_6901kmrkdah0fczta06fhwfc8rc8 200 in 351ms
 GET /api/elevenlabs-call-status?conversationId=conv_6901kmrkdah0fczta06fhwfc8rc8 200 in 349ms
 GET /api/elevenlabs-call-status?conversationId=conv_6901kmrkdah0fczta06fhwfc8rc8 200 in 353ms
 GET /api/elevenlabs-call-status?conversationId=conv_6901kmrkdah0fczta06fhwfc8rc8 200 in 345ms
 GET /api/elevenlabs-call-status?conversationId=conv_6901kmrkdah0fczta06fhwfc8rc8 200 in 333ms
 GET /api/elevenlabs-call-status?conversationId=conv_6901kmrkdah0fczta06fhwfc8rc8 200 in 339ms
 GET /api/elevenlabs-call-status?conversationId=conv_6901kmrkdah0fczta06fhwfc8rc8 200 in 351ms
 GET /api/elevenlabs-call-status?conversationId=conv_6901kmrkdah0fczta06fhwfc8rc8 200 in 326ms
 GET /api/elevenlabs-call-status?conversationId=conv_6901kmrkdah0fczta06fhwfc8rc8 200 in 407ms
 GET /api/elevenlabs-call-status?conversationId=conv_6901kmrkdah0fczta06fhwfc8rc8 200 in 337ms
 GET /api/elevenlabs-call-status?conversationId=conv_6901kmrkdah0fczta06fhwfc8rc8 200 in 343ms
 GET /api/elevenlabs-call-status?conversationId=conv_6901kmrkdah0fczta06fhwfc8rc8 200 in 325ms
 GET /api/elevenlabs-call-status?conversationId=conv_6901kmrkdah0fczta06fhwfc8rc8 200 in 399ms
 GET /api/elevenlabs-call-status?conversationId=conv_6901kmrkdah0fczta06fhwfc8rc8 200 in 367ms
 GET /api/elevenlabs-call-status?conversationId=conv_6901kmrkdah0fczta06fhwfc8rc8 200 in 333ms
 GET /api/elevenlabs-call-status?conversationId=conv_6901kmrkdah0fczta06fhwfc8rc8 200 in 357ms
 GET /api/elevenlabs-call-status?conversationId=conv_6901kmrkdah0fczta06fhwfc8rc8 200 in 549ms
 GET /api/elevenlabs-call-status?conversationId=conv_6901kmrkdah0fczta06fhwfc8rc8 200 in 321ms
 GET /api/elevenlabs-call-status?conversationId=conv_6901kmrkdah0fczta06fhwfc8rc8 200 in 344ms
 ○ Compiling /[slug]/checkout ...
 ✓ Compiled /[slug]/checkout in 4.5s
 GET /prehispanic/checkout?plan=Plan+Anual&price=1800&details=Inversi%C3%B3n+Total%3A+%241%2C800.+Forma+de+Pago%3A+2+exhibiciones+de+%24900.+Regalo%3A+1+Kimono+%2B+Uniforme+No-Gi. 200 in 7539ms
 POST /prehispanic/checkout?plan=Plan%20Anual&price=1800&details=Inversi%C3%B3n%20Total%3A%20%241%2C800.%20Forma%20de%20Pago%3A%202%20exhibiciones%20de%20%24900.%20Regalo%3A%201%20Kimono%20%2B%20Uniforme%20No-Gi. 200 in 172ms
 POST /prehispanic/checkout?plan=Plan%20Anual&price=1800&details=Inversi%C3%B3n%20Total%3A%20%241%2C800.%20Forma%20de%20Pago%3A%202%20exhibiciones%20de%20%24900.%20Regalo%3A%201%20Kimono%20%2B%20Uniforme%20No-Gi. 200 in 211ms
{"level":"info","message":"Processing public intake action","timestamp":"2026-03-27T21:34:30.891Z","requestId":"6b4bcf40-91f3-4094-82fc-ed61b48035bf","scope":"api.public-intake","action":"ADD_LEAD","tenantSlug":"prehispanic"}
 POST /api/public-intake 200 in 1318ms
{"level":"info","message":"ElevenLabs outbound call started","timestamp":"2026-03-27T21:34:32.650Z","requestId":"ca25a9fc-49a6-41fd-ab82-0fdc72f49023","scope":"api.elevenlabs-outbound","tenantSlug":"prehispanic","conversationId":"conv_8701kmrkgsc8egpr5zp1cbzk5at9"}
 POST /api/elevenlabs-outbound 200 in 785ms
 GET /api/elevenlabs-call-status?conversationId=conv_8701kmrkgsc8egpr5zp1cbzk5at9 200 in 363ms
 GET /api/elevenlabs-call-status?conversationId=conv_8701kmrkgsc8egpr5zp1cbzk5at9 200 in 343ms
 GET /api/elevenlabs-call-status?conversationId=conv_8701kmrkgsc8egpr5zp1cbzk5at9 200 in 382ms
 GET /api/elevenlabs-call-status?conversationId=conv_8701kmrkgsc8egpr5zp1cbzk5at9 200 in 351ms
 GET /api/elevenlabs-call-status?conversationId=conv_8701kmrkgsc8egpr5zp1cbzk5at9 200 in 354ms
 GET /api/elevenlabs-call-status?conversationId=conv_8701kmrkgsc8egpr5zp1cbzk5at9 200 in 453ms
 GET /api/elevenlabs-call-status?conversationId=conv_8701kmrkgsc8egpr5zp1cbzk5at9 200 in 343ms
 GET /api/elevenlabs-call-status?conversationId=conv_8701kmrkgsc8egpr5zp1cbzk5at9 200 in 364ms
 GET /api/elevenlabs-call-status?conversationId=conv_8701kmrkgsc8egpr5zp1cbzk5at9 200 in 345ms
 GET /api/elevenlabs-call-status?conversationId=conv_8701kmrkgsc8egpr5zp1cbzk5at9 200 in 357ms
 GET /api/elevenlabs-call-status?conversationId=conv_8701kmrkgsc8egpr5zp1cbzk5at9 200 in 332ms
 GET /api/elevenlabs-call-status?conversationId=conv_8701kmrkgsc8egpr5zp1cbzk5at9 200 in 335ms
 GET /api/elevenlabs-call-status?conversationId=conv_8701kmrkgsc8egpr5zp1cbzk5at9 200 in 481ms
 GET /api/elevenlabs-call-status?conversationId=conv_8701kmrkgsc8egpr5zp1cbzk5at9 200 in 331ms
 GET /api/elevenlabs-call-status?conversationId=conv_8701kmrkgsc8egpr5zp1cbzk5at9 200 in 325ms
 GET /api/elevenlabs-call-status?conversationId=conv_8701kmrkgsc8egpr5zp1cbzk5at9 200 in 338ms
 GET /api/elevenlabs-call-status?conversationId=conv_8701kmrkgsc8egpr5zp1cbzk5at9 200 in 320ms
 GET /api/elevenlabs-call-status?conversationId=conv_8701kmrkgsc8egpr5zp1cbzk5at9 200 in 331ms
 GET /api/elevenlabs-call-status?conversationId=conv_8701kmrkgsc8egpr5zp1cbzk5at9 200 in 341ms
 GET /prehispanic/checkout?plan=Plan+Anual&price=1800&details=Inversi%C3%B3n+Total%3A+%241%2C800.+Forma+de+Pago%3A+2+exhibiciones+de+%24900.+Regalo%3A+1+Kimono+%2B+Uniforme+No-Gi. 200 in 177ms
 POST /prehispanic/checkout?plan=Plan%20Anual&price=1800&details=Inversi%C3%B3n%20Total%3A%20%241%2C800.%20Forma%20de%20Pago%3A%202%20exhibiciones%20de%20%24900.%20Regalo%3A%201%20Kimono%20%2B%20Uniforme%20No-Gi. 200 in 258ms
 POST /prehispanic/checkout?plan=Plan%20Anual&price=1800&details=Inversi%C3%B3n%20Total%3A%20%241%2C800.%20Forma%20de%20Pago%3A%202%20exhibiciones%20de%20%24900.%20Regalo%3A%201%20Kimono%20%2B%20Uniforme%20No-Gi. 200 in 145ms
 GET / 200 in 301ms
 ○ Compiling /checkout ...
 ✓ Compiled /checkout in 1660ms
 GET /checkout?mode=admin&step=1 200 in 1849ms
 POST /checkout?mode=admin&step=1 200 in 204ms
 POST /checkout?mode=admin&step=1 200 in 96ms
 ○ Compiling /[slug]/dashboard/landing-page ...
 ✓ Compiled /[slug]/dashboard/landing-page in 4s
 GET /lapuente/dashboard/landing-page 200 in 5593ms
 ✓ Compiled in 1470ms
 ✓ Compiled in 891ms
